2020-12-10T14:37:09,356 ERROR MatsimRuntimeModifications:75 Getting uncaught Exception in Thread main
java.lang.IllegalStateException: Option strategy.maxAgentPlanMemorySize should be 1 if mode-choice-in-the-loop is enforced.
	at org.matsim.contribs.discrete_mode_choice.modules.DiscreteModeChoiceConfigurator.checkModeChoiceInTheLoop(DiscreteModeChoiceConfigurator.java:123) ~[discrete_mode_choice-12.0.jar:?]
	at org.matsim.contribs.discrete_mode_choice.modules.utils.ModeChoiceInTheLoopChecker.notifyStartup(ModeChoiceInTheLoopChecker.java:33) ~[discrete_mode_choice-12.0.jar:?]
	at org.matsim.core.controler.ControlerListenerManagerImpl.fireControlerStartupEvent(ControlerListenerManagerImpl.java:108) ~[matsim-12.0.jar:?]
	at org.matsim.core.controler.AbstractController$1.run(AbstractController.java:77) ~[matsim-12.0.jar:?]
	at org.matsim.core.controler.MatsimRuntimeModifications.run(MatsimRuntimeModifications.java:69) [matsim-12.0.jar:?]
	at org.matsim.core.controler.MatsimRuntimeModifications.run(MatsimRuntimeModifications.java:52) [matsim-12.0.jar:?]
	at org.matsim.core.controler.AbstractController.run(AbstractController.java:88) [matsim-12.0.jar:?]
	at org.matsim.core.controler.NewControler.run(NewControler.java:82) [matsim-12.0.jar:?]
	at org.matsim.core.controler.Controler.run(Controler.java:249) [matsim-12.0.jar:?]
	at org.eqasim.quebec.RunSimulation.main(RunSimulation.java:48) [classes/:?]
2020-12-10T14:37:09,369 ERROR MatsimRuntimeModifications:81 ERROR --- This is an unexpected shutdown!
2020-12-10T14:37:09,369 ERROR MatsimRuntimeModifications:84 Shutdown possibly caused by the following Exception:
java.lang.IllegalStateException: Option strategy.maxAgentPlanMemorySize should be 1 if mode-choice-in-the-loop is enforced.
	at org.matsim.contribs.discrete_mode_choice.modules.DiscreteModeChoiceConfigurator.checkModeChoiceInTheLoop(DiscreteModeChoiceConfigurator.java:123) ~[discrete_mode_choice-12.0.jar:?]
	at org.matsim.contribs.discrete_mode_choice.modules.utils.ModeChoiceInTheLoopChecker.notifyStartup(ModeChoiceInTheLoopChecker.java:33) ~[discrete_mode_choice-12.0.jar:?]
	at org.matsim.core.controler.ControlerListenerManagerImpl.fireControlerStartupEvent(ControlerListenerManagerImpl.java:108) ~[matsim-12.0.jar:?]
	at org.matsim.core.controler.AbstractController$1.run(AbstractController.java:77) ~[matsim-12.0.jar:?]
	at org.matsim.core.controler.MatsimRuntimeModifications.run(MatsimRuntimeModifications.java:69) [matsim-12.0.jar:?]
	at org.matsim.core.controler.MatsimRuntimeModifications.run(MatsimRuntimeModifications.java:52) [matsim-12.0.jar:?]
	at org.matsim.core.controler.AbstractController.run(AbstractController.java:88) [matsim-12.0.jar:?]
	at org.matsim.core.controler.NewControler.run(NewControler.java:82) [matsim-12.0.jar:?]
	at org.matsim.core.controler.Controler.run(Controler.java:249) [matsim-12.0.jar:?]
	at org.eqasim.quebec.RunSimulation.main(RunSimulation.java:48) [classes/:?]
2020-12-10T14:37:10,531 ERROR MatsimRuntimeModifications:99 ERROR --- MATSim unexpectedly terminated. Please check the output or the logfile with warnings and errors for hints.
2020-12-10T14:37:10,531 ERROR MatsimRuntimeModifications:100 ERROR --- results should not be used for further analysis.
2020-12-10T14:37:10,531 ERROR MatsimRuntimeModifications:104 ERROR --- This was an unexpected shutdown! See the log file for a possible reason.
