2020-12-19T14:54:43,701  WARN ControlerConfigGroup:404 setting overwriting behavior to overwriteExistingFiles
2020-12-19T14:54:43,701  WARN ControlerConfigGroup:405 this is not recommended, as it might result in a directory containing output from several model runs
2020-12-19T14:54:43,702  WARN ControlerConfigGroup:406 prefer the options deleteDirectoryIfExists or failIfDirectoryExists
2020-12-19T14:54:43,756  WARN XY2LinksForFacilities:50 There is no link for at least a facility. Assigning links for such facilities from coords.
2020-12-19T14:54:43,756  WARN XY2LinksForFacilities:51  This message given only once.
2020-12-19T14:54:44,989  WARN PrepareForSimImpl:222 'usePersonIdForMissingVehicleId' is deprecated. It will be removed soon.
2020-12-19T14:55:04,296  WARN ObjectAttributesConverter:77 No AttributeConverter found for class java.util.Collections$UnmodifiableMap. Not all attribute values can be converted.
2020-12-19T14:55:05,390  WARN QueueWithBuffer:390 Link pt_0-1014_pt_0-1015 too small: enlarge storage capacity from: 7.770294297641648 Vehicles to: 16.18649430877476 Vehicles.  This is not fatal, but modifies the traffic flow dynamics.
2020-12-19T14:55:05,391  WARN QueueWithBuffer:390 Link pt_0-1015_pt_0-1016 too small: enlarge storage capacity from: 3.560512587921293 Vehicles to: 14.833985569427087 Vehicles.  This is not fatal, but modifies the traffic flow dynamics.
2020-12-19T14:55:05,391  WARN QueueWithBuffer:390 Link pt_0-1022_pt_0-1024 too small: enlarge storage capacity from: 3.8863847882701794 Vehicles to: 16.191650624130634 Vehicles.  This is not fatal, but modifies the traffic flow dynamics.
2020-12-19T14:55:05,391  WARN QueueWithBuffer:390 Link pt_0-1022_pt_0-2562 too small: enlarge storage capacity from: 3.680433631724637 Vehicles to: 25.556011030287944 Vehicles.  This is not fatal, but modifies the traffic flow dynamics.
2020-12-19T14:55:05,391  WARN QueueWithBuffer:390 Link pt_0-1022_pt_0-5601 too small: enlarge storage capacity from: 2.6885182042154727 Vehicles to: 28.00259742078178 Vehicles.  This is not fatal, but modifies the traffic flow dynamics.
2020-12-19T14:55:05,391  WARN QueueWithBuffer:390 Link pt_0-1022_pt_0-5806 too small: enlarge storage capacity from: 2.143495899085419 Vehicles to: 22.32584947391157 Vehicles.  This is not fatal, but modifies the traffic flow dynamics.
2020-12-19T14:55:05,391  WARN QueueWithBuffer:390 Link pt_0-1022_pt_0-5807 too small: enlarge storage capacity from: 2.2265636126228574 Vehicles to: 23.191051627724946 Vehicles.  This is not fatal, but modifies the traffic flow dynamics.
2020-12-19T14:55:05,391  WARN QueueWithBuffer:390 Link pt_0-1022_pt_0-5808 too small: enlarge storage capacity from: 2.3708487174362403 Vehicles to: 24.693871172546835 Vehicles.  This is not fatal, but modifies the traffic flow dynamics.
2020-12-19T14:55:05,391  WARN QueueWithBuffer:390 Link pt_0-1026_pt_0-1028 too small: enlarge storage capacity from: 3.3706998943213815 Vehicles to: 14.043178434716452 Vehicles.  This is not fatal, but modifies the traffic flow dynamics.
2020-12-19T14:55:05,391  WARN QueueWithBuffer:390 Link pt_0-1028_pt_0-1032 too small: enlarge storage capacity from: 2.338365841421632 Vehicles to: 24.355541717057186 Vehicles.  This is not fatal, but modifies the traffic flow dynamics.
2020-12-19T14:55:05,391  WARN QueueWithBuffer:390 Link pt_0-1028_pt_0-1263 too small: enlarge storage capacity from: 2.1289508754718236 Vehicles to: 22.174353962336212 Vehicles.  This is not fatal, but modifies the traffic flow dynamics.
2020-12-19T14:55:05,391  WARN QueueWithBuffer:393 Additional warnings of this type are suppressed.
2020-12-19T14:55:17,275  WARN ObjectAttributesConverter:77 No AttributeConverter found for class java.util.Collections$UnmodifiableMap. Not all attribute values can be converted.
2020-12-19T14:56:16,263  WARN ObjectAttributesConverter:77 No AttributeConverter found for class java.util.Collections$UnmodifiableMap. Not all attribute values can be converted.
2020-12-19T14:57:21,781  WARN ObjectAttributesConverter:77 No AttributeConverter found for class java.util.Collections$UnmodifiableMap. Not all attribute values can be converted.
2020-12-19T14:58:27,278  WARN ObjectAttributesConverter:77 No AttributeConverter found for class java.util.Collections$UnmodifiableMap. Not all attribute values can be converted.
2020-12-19T14:58:37,116  WARN ObjectAttributesConverter:77 No AttributeConverter found for class java.util.Collections$UnmodifiableMap. Not all attribute values can be converted.
2020-12-19T14:58:37,929  WARN PlansCalcRouteConfigGroup:338 The first mode routing params that are explicitly defined clear the default mode routing params.  This functionality was removed for 
2020-12-19T14:58:37,929  WARN PlansCalcRouteConfigGroup:339     some weeks in the development head, after release 11.x, and before release 12.x; it is now back.  If you want to avoid this 
2020-12-19T14:58:37,929  WARN PlansCalcRouteConfigGroup:340     warning, use clearModeRoutingParams(true) in code, and "clearDefaultTeleportedModeParams"=true in xml config.
